<?xml version="1.0" encoding="UTF-8"?>
<!-- Generated by org.testng.reporters.JUnitXMLReporter -->
<testsuite hostname="LAPTOP-OMQFFG59" ignored="0" name="Test" tests="2" failures="1" timestamp="02 Jul 2018 03:58:10 GMT" time="31.602" errors="0">
  <testcase name="f" time="0.0" classname="com.test.Maventes.NewTest"/>
  <testcase name="f" time="6.953" classname="com.test.Maventes.testfirst">
    <failure type="java.lang.NullPointerException">
      <![CDATA[java.lang.NullPointerException
at com.test.Maventes.Select.SelectDress(Select.java:24)
at com.test.Maventes.testfirst.f(testfirst.java:26)
... Removed 34 stack frames]]>
    </failure>
  </testcase> <!-- f -->
</testsuite> <!-- Test -->
