-------------------------------------------------------------------------------
Test set: TestSuite
-------------------------------------------------------------------------------
Tests run: 2, Failures: 1, Errors: 0, Skipped: 0, Time elapsed: 33.909 sec <<< FAILURE!
f(com.test.Maventes.testfirst)  Time elapsed: 6.987 sec  <<< FAILURE!
java.lang.NullPointerException: null
	at com.test.Maventes.Select.SelectDress(Select.java:24)
	at com.test.Maventes.testfirst.f(testfirst.java:26)

